{
  "stats": {
    "suites": 1,
    "tests": 5,
    "passes": 5,
    "pending": 0,
    "failures": 0,
    "start": "2021-11-26T12:23:53.305Z",
    "end": "2021-11-26T12:23:56.977Z",
    "duration": 3672,
    "testsRegistered": 5,
    "passPercent": 100,
    "pendingPercent": 0,
    "other": 0,
    "hasOther": false,
    "skipped": 0,
    "hasSkipped": false
  },
  "results": [
    {
      "uuid": "1d00c3f0-c9fa-424f-84d3-e3fa363dde41",
      "title": "",
      "fullFile": "cypress/integration/test-suite-report-testing.spec.js",
      "file": "cypress/integration/test-suite-report-testing.spec.js",
      "beforeHooks": [],
      "afterHooks": [],
      "tests": [],
      "suites": [
        {
          "uuid": "da3bd22c-e861-4010-b1a8-1bed9cb2b8bf",
          "title": "test suite 1",
          "fullFile": "",
          "file": "",
          "beforeHooks": [],
          "afterHooks": [],
          "tests": [
            {
              "title": "Create a new client",
              "fullTitle": "test suite 1 Create a new client",
              "timedOut": null,
              "duration": 868,
              "state": "passed",
              "speed": "fast",
              "pass": true,
              "fail": false,
              "pending": false,
              "context": null,
              "code": "clientHelpers.createClientRequest(cy);",
              "err": {},
              "uuid": "c0fc616d-1781-4622-9dd9-5aeb9cacb69e",
              "parentUUID": "da3bd22c-e861-4010-b1a8-1bed9cb2b8bf",
              "isHook": false,
              "skipped": false
            },
            {
              "title": "Get all clients",
              "fullTitle": "test suite 1 Get all clients",
              "timedOut": null,
              "duration": 589,
              "state": "passed",
              "speed": "fast",
              "pass": true,
              "fail": false,
              "pending": false,
              "context": null,
              "code": "clientHelpers.getAllClientsRequest(cy);",
              "err": {},
              "uuid": "879d7882-8421-46fb-99d7-2fee5bd494b8",
              "parentUUID": "da3bd22c-e861-4010-b1a8-1bed9cb2b8bf",
              "isHook": false,
              "skipped": false
            },
            {
              "title": "Create a client and delete it",
              "fullTitle": "test suite 1 Create a client and delete it",
              "timedOut": null,
              "duration": 657,
              "state": "passed",
              "speed": "fast",
              "pass": true,
              "fail": false,
              "pending": false,
              "context": null,
              "code": "clientHelpers.createClientRequestAndDelete(cy);",
              "err": {},
              "uuid": "9f3d1223-f118-4ca1-956c-8473b6406b18",
              "parentUUID": "da3bd22c-e861-4010-b1a8-1bed9cb2b8bf",
              "isHook": false,
              "skipped": false
            },
            {
              "title": "Create a bill and delete it",
              "fullTitle": "test suite 1 Create a bill and delete it",
              "timedOut": null,
              "duration": 642,
              "state": "passed",
              "speed": "fast",
              "pass": true,
              "fail": false,
              "pending": false,
              "context": null,
              "code": "billsHelpers.createBillRequestAndDelete(cy);",
              "err": {},
              "uuid": "99ac7b64-595b-4da1-947b-a2fe10bf2371",
              "parentUUID": "da3bd22c-e861-4010-b1a8-1bed9cb2b8bf",
              "isHook": false,
              "skipped": false
            },
            {
              "title": "Create a room and delete it",
              "fullTitle": "test suite 1 Create a room and delete it",
              "timedOut": null,
              "duration": 658,
              "state": "passed",
              "speed": "fast",
              "pass": true,
              "fail": false,
              "pending": false,
              "context": null,
              "code": "roomsHelpers.createRoomRequestAndDelete(cy);",
              "err": {},
              "uuid": "4c08bfd8-33f9-4d85-9632-05106d3a0bdc",
              "parentUUID": "da3bd22c-e861-4010-b1a8-1bed9cb2b8bf",
              "isHook": false,
              "skipped": false
            }
          ],
          "suites": [],
          "passes": [
            "c0fc616d-1781-4622-9dd9-5aeb9cacb69e",
            "879d7882-8421-46fb-99d7-2fee5bd494b8",
            "9f3d1223-f118-4ca1-956c-8473b6406b18",
            "99ac7b64-595b-4da1-947b-a2fe10bf2371",
            "4c08bfd8-33f9-4d85-9632-05106d3a0bdc"
          ],
          "failures": [],
          "pending": [],
          "skipped": [],
          "duration": 3414,
          "root": false,
          "rootEmpty": false,
          "_timeout": 2000
        }
      ],
      "passes": [],
      "failures": [],
      "pending": [],
      "skipped": [],
      "duration": 0,
      "root": true,
      "rootEmpty": true,
      "_timeout": 2000
    }
  ],
  "meta": {
    "mocha": {
      "version": "7.0.1"
    },
    "mochawesome": {
      "options": {
        "quiet": false,
        "reportFilename": "mochawesome",
        "saveHtml": false,
        "saveJson": true,
        "consoleReporter": "spec",
        "useInlineDiffs": false,
        "code": true
      },
      "version": "7.0.1"
    },
    "marge": {
      "options": {
        "charts": true,
        "overwrite": false,
        "html": false,
        "json": true,
        "reportDir": "cypress/report//mochawesome-report"
      },
      "version": "6.0.1"
    }
  }
}