{
  "stats": {
    "suites": 1,
    "tests": 5,
    "passes": 5,
    "pending": 0,
    "failures": 0,
    "start": "2021-11-26T16:21:38.119Z",
    "end": "2021-11-26T16:21:42.892Z",
    "duration": 4773,
    "testsRegistered": 5,
    "passPercent": 100,
    "pendingPercent": 0,
    "other": 0,
    "hasOther": false,
    "skipped": 0,
    "hasSkipped": false
  },
  "results": [
    {
      "uuid": "0562ac33-61c8-4e38-9661-89a3a25f7799",
      "title": "",
      "fullFile": "cypress/integration/test-suite-backend.spec.js",
      "file": "cypress/integration/test-suite-backend.spec.js",
      "beforeHooks": [],
      "afterHooks": [],
      "tests": [],
      "suites": [
        {
          "uuid": "055819a4-3676-4a01-9f51-aa25c2c9958d",
          "title": "test suite 1",
          "fullFile": "",
          "file": "",
          "beforeHooks": [],
          "afterHooks": [],
          "tests": [
            {
              "title": "Get all clients",
              "fullTitle": "test suite 1 Get all clients",
              "timedOut": null,
              "duration": 1554,
              "state": "passed",
              "speed": "fast",
              "pass": true,
              "fail": false,
              "pending": false,
              "context": null,
              "code": "clientHelpers.getAllClientsRequest(cy);",
              "err": {},
              "uuid": "0cde8b19-8db9-4052-8fea-3cf918408b4d",
              "parentUUID": "055819a4-3676-4a01-9f51-aa25c2c9958d",
              "isHook": false,
              "skipped": false
            },
            {
              "title": "Create a client and delete it",
              "fullTitle": "test suite 1 Create a client and delete it",
              "timedOut": null,
              "duration": 831,
              "state": "passed",
              "speed": "fast",
              "pass": true,
              "fail": false,
              "pending": false,
              "context": null,
              "code": "clientHelpers.createClientRequestAndDelete(cy);",
              "err": {},
              "uuid": "51fd675c-7c63-4e2d-a471-b391095e31a5",
              "parentUUID": "055819a4-3676-4a01-9f51-aa25c2c9958d",
              "isHook": false,
              "skipped": false
            },
            {
              "title": "Create a bill and delete it",
              "fullTitle": "test suite 1 Create a bill and delete it",
              "timedOut": null,
              "duration": 694,
              "state": "passed",
              "speed": "fast",
              "pass": true,
              "fail": false,
              "pending": false,
              "context": null,
              "code": "billsHelpers.createBillRequestAndDelete(cy);",
              "err": {},
              "uuid": "90f9557e-2b14-458c-bf60-dc3061787f8b",
              "parentUUID": "055819a4-3676-4a01-9f51-aa25c2c9958d",
              "isHook": false,
              "skipped": false
            },
            {
              "title": "Create a room and delete it",
              "fullTitle": "test suite 1 Create a room and delete it",
              "timedOut": null,
              "duration": 659,
              "state": "passed",
              "speed": "fast",
              "pass": true,
              "fail": false,
              "pending": false,
              "context": null,
              "code": "roomsHelpers.createRoomRequestAndDelete(cy);",
              "err": {},
              "uuid": "f1cebe11-2db8-4495-b2f1-356d1bdb019a",
              "parentUUID": "055819a4-3676-4a01-9f51-aa25c2c9958d",
              "isHook": false,
              "skipped": false
            },
            {
              "title": "Create a reservation and delete it",
              "fullTitle": "test suite 1 Create a reservation and delete it",
              "timedOut": null,
              "duration": 724,
              "state": "passed",
              "speed": "fast",
              "pass": true,
              "fail": false,
              "pending": false,
              "context": null,
              "code": "reservationHelpers.createReservationRequestAndDelete(cy);",
              "err": {},
              "uuid": "76476b81-50cb-42fa-804e-6ad9df810759",
              "parentUUID": "055819a4-3676-4a01-9f51-aa25c2c9958d",
              "isHook": false,
              "skipped": false
            }
          ],
          "suites": [],
          "passes": [
            "0cde8b19-8db9-4052-8fea-3cf918408b4d",
            "51fd675c-7c63-4e2d-a471-b391095e31a5",
            "90f9557e-2b14-458c-bf60-dc3061787f8b",
            "f1cebe11-2db8-4495-b2f1-356d1bdb019a",
            "76476b81-50cb-42fa-804e-6ad9df810759"
          ],
          "failures": [],
          "pending": [],
          "skipped": [],
          "duration": 4462,
          "root": false,
          "rootEmpty": false,
          "_timeout": 2000
        }
      ],
      "passes": [],
      "failures": [],
      "pending": [],
      "skipped": [],
      "duration": 0,
      "root": true,
      "rootEmpty": true,
      "_timeout": 2000
    }
  ],
  "meta": {
    "mocha": {
      "version": "7.0.1"
    },
    "mochawesome": {
      "options": {
        "quiet": false,
        "reportFilename": "mochawesome",
        "saveHtml": false,
        "saveJson": true,
        "consoleReporter": "spec",
        "useInlineDiffs": false,
        "code": true
      },
      "version": "7.0.1"
    },
    "marge": {
      "options": {
        "charts": true,
        "overwrite": false,
        "html": false,
        "json": true,
        "reportDir": "cypress/report//mochawesome-report"
      },
      "version": "6.0.1"
    }
  }
}