{
  "stats": {
    "suites": 1,
    "tests": 5,
    "passes": 5,
    "pending": 0,
    "failures": 0,
    "start": "2021-11-26T12:23:22.909Z",
    "end": "2021-11-26T12:23:26.803Z",
    "duration": 3894,
    "testsRegistered": 5,
    "passPercent": 100,
    "pendingPercent": 0,
    "other": 0,
    "hasOther": false,
    "skipped": 0,
    "hasSkipped": false
  },
  "results": [
    {
      "uuid": "2556265f-1356-4931-a14b-98b56f521e50",
      "title": "",
      "fullFile": "cypress/integration/test-suite-backend.spec.js",
      "file": "cypress/integration/test-suite-backend.spec.js",
      "beforeHooks": [],
      "afterHooks": [],
      "tests": [],
      "suites": [
        {
          "uuid": "d6b3b1c7-f673-47e1-9445-9bf4e11fb359",
          "title": "test suite 1",
          "fullFile": "",
          "file": "",
          "beforeHooks": [],
          "afterHooks": [],
          "tests": [
            {
              "title": "Create a new client",
              "fullTitle": "test suite 1 Create a new client",
              "timedOut": null,
              "duration": 1113,
              "state": "passed",
              "speed": "fast",
              "pass": true,
              "fail": false,
              "pending": false,
              "context": null,
              "code": "clientHelpers.createClientRequest(cy);",
              "err": {},
              "uuid": "3ac9a8e5-474c-4e4e-abd5-8e080d70bd99",
              "parentUUID": "d6b3b1c7-f673-47e1-9445-9bf4e11fb359",
              "isHook": false,
              "skipped": false
            },
            {
              "title": "Get all clients",
              "fullTitle": "test suite 1 Get all clients",
              "timedOut": null,
              "duration": 600,
              "state": "passed",
              "speed": "fast",
              "pass": true,
              "fail": false,
              "pending": false,
              "context": null,
              "code": "clientHelpers.getAllClientsRequest(cy);",
              "err": {},
              "uuid": "9e0d87a3-b446-4cd2-96be-1b60d7f2da6a",
              "parentUUID": "d6b3b1c7-f673-47e1-9445-9bf4e11fb359",
              "isHook": false,
              "skipped": false
            },
            {
              "title": "Create a client and delete it",
              "fullTitle": "test suite 1 Create a client and delete it",
              "timedOut": null,
              "duration": 662,
              "state": "passed",
              "speed": "fast",
              "pass": true,
              "fail": false,
              "pending": false,
              "context": null,
              "code": "clientHelpers.createClientRequestAndDelete(cy);",
              "err": {},
              "uuid": "88e3867d-e917-4f3e-bfa4-78aab9ec15f4",
              "parentUUID": "d6b3b1c7-f673-47e1-9445-9bf4e11fb359",
              "isHook": false,
              "skipped": false
            },
            {
              "title": "Create a bill and delete it",
              "fullTitle": "test suite 1 Create a bill and delete it",
              "timedOut": null,
              "duration": 664,
              "state": "passed",
              "speed": "fast",
              "pass": true,
              "fail": false,
              "pending": false,
              "context": null,
              "code": "billsHelpers.createBillRequestAndDelete(cy);",
              "err": {},
              "uuid": "332b9bd7-084e-43dd-a240-99d80142b4c5",
              "parentUUID": "d6b3b1c7-f673-47e1-9445-9bf4e11fb359",
              "isHook": false,
              "skipped": false
            },
            {
              "title": "Create a room and delete it",
              "fullTitle": "test suite 1 Create a room and delete it",
              "timedOut": null,
              "duration": 629,
              "state": "passed",
              "speed": "fast",
              "pass": true,
              "fail": false,
              "pending": false,
              "context": null,
              "code": "roomsHelpers.createRoomRequestAndDelete(cy);",
              "err": {},
              "uuid": "16fda585-59bf-4a5d-b2db-58dcf8d41b4d",
              "parentUUID": "d6b3b1c7-f673-47e1-9445-9bf4e11fb359",
              "isHook": false,
              "skipped": false
            }
          ],
          "suites": [],
          "passes": [
            "3ac9a8e5-474c-4e4e-abd5-8e080d70bd99",
            "9e0d87a3-b446-4cd2-96be-1b60d7f2da6a",
            "88e3867d-e917-4f3e-bfa4-78aab9ec15f4",
            "332b9bd7-084e-43dd-a240-99d80142b4c5",
            "16fda585-59bf-4a5d-b2db-58dcf8d41b4d"
          ],
          "failures": [],
          "pending": [],
          "skipped": [],
          "duration": 3668,
          "root": false,
          "rootEmpty": false,
          "_timeout": 2000
        }
      ],
      "passes": [],
      "failures": [],
      "pending": [],
      "skipped": [],
      "duration": 0,
      "root": true,
      "rootEmpty": true,
      "_timeout": 2000
    }
  ],
  "meta": {
    "mocha": {
      "version": "7.0.1"
    },
    "mochawesome": {
      "options": {
        "quiet": false,
        "reportFilename": "mochawesome",
        "saveHtml": false,
        "saveJson": true,
        "consoleReporter": "spec",
        "useInlineDiffs": false,
        "code": true
      },
      "version": "7.0.1"
    },
    "marge": {
      "options": {
        "charts": true,
        "overwrite": false,
        "html": false,
        "json": true,
        "reportDir": "cypress/report//mochawesome-report"
      },
      "version": "6.0.1"
    }
  }
}